<?xml version="1.0" encoding="UTF-8"?>
<!-- Generated by org.testng.reporters.JUnitXMLReporter -->
<testsuite hostname="Saini" ignored="0" name="Test" tests="3" failures="0" timestamp="18 Mar 2020 16:17:16 GMT" time="252.233" errors="0">
  <testcase name="verifyMenuItems" time="43.344" classname="com.flavorwiki.com.testCases.VerifyMenus"/>
  <testcase name="createSurvey" time="151.124" classname="com.flavorwiki.com.testCases.VerfiyCreateSurvey"/>
  <testcase name="verifyQRCodeGenrated" time="56.798" classname="com.flavorwiki.com.testCases.VerifyQRCodes"/>
</testsuite> <!-- Test -->
