<?xml version="1.0" encoding="UTF-8"?>
<testng-results skipped="0" failed="0" ignored="0" total="3" passed="3">
  <reporter-output>
  </reporter-output>
  <suite name="Suite" duration-ms="252233" started-at="2020-03-18T16:13:04Z" finished-at="2020-03-18T16:17:16Z">
    <groups>
    </groups>
    <test name="Test" duration-ms="252233" started-at="2020-03-18T16:13:04Z" finished-at="2020-03-18T16:17:16Z">
      <class name="com.flavorwiki.com.testCases.VerifyQRCodes">
        <test-method status="PASS" signature="verifyQRCodeGenrated()[pri:0, instance:com.flavorwiki.com.testCases.VerifyQRCodes@36b0fcd5]" name="verifyQRCodeGenrated" duration-ms="56798" started-at="2020-03-18T16:16:19Z" description="Verify QR code is generated" finished-at="2020-03-18T16:17:16Z">
          <reporter-output>
          </reporter-output>
        </test-method> <!-- verifyQRCodeGenrated -->
      </class> <!-- com.flavorwiki.com.testCases.VerifyQRCodes -->
      <class name="com.flavorwiki.com.testCases.VerifyMenus">
        <test-method status="PASS" signature="verifyMenuItems()[pri:0, instance:com.flavorwiki.com.testCases.VerifyMenus@fd0e5b6]" name="verifyMenuItems" duration-ms="43344" started-at="2020-03-18T16:13:04Z" description="Verify all the menu Items of left side navigation panel" finished-at="2020-03-18T16:13:47Z">
          <reporter-output>
          </reporter-output>
        </test-method> <!-- verifyMenuItems -->
      </class> <!-- com.flavorwiki.com.testCases.VerifyMenus -->
      <class name="com.flavorwiki.com.testCases.VerfiyCreateSurvey">
        <test-method status="PASS" signature="createSurvey()[pri:0, instance:com.flavorwiki.com.testCases.VerfiyCreateSurvey@4eed46ee]" name="createSurvey" duration-ms="151124" started-at="2020-03-18T16:13:48Z" description="Verify all Application is able to create a survey" finished-at="2020-03-18T16:16:19Z">
          <reporter-output>
          </reporter-output>
        </test-method> <!-- createSurvey -->
      </class> <!-- com.flavorwiki.com.testCases.VerfiyCreateSurvey -->
    </test> <!-- Test -->
  </suite> <!-- Suite -->
</testng-results>
