<?xml version="1.0" encoding="UTF-8"?>
<testng-results skipped="0" failed="0" ignored="0" total="1" passed="1">
  <reporter-output>
  </reporter-output>
  <suite name="Default suite" duration-ms="57884" started-at="2020-03-19T07:55:21Z" finished-at="2020-03-19T07:56:18Z">
    <groups>
    </groups>
    <test name="Default test" duration-ms="57884" started-at="2020-03-19T07:55:21Z" finished-at="2020-03-19T07:56:18Z">
      <class name="testCases.VerifyQRCodes">
        <test-method status="PASS" signature="verifyQRCodeGenrated()[pri:0, instance:testCases.VerifyQRCodes@2de366bb]" name="verifyQRCodeGenrated" duration-ms="57193" started-at="2020-03-19T07:55:21Z" description="Verify QR code is generated" finished-at="2020-03-19T07:56:18Z">
          <reporter-output>
          </reporter-output>
        </test-method> <!-- verifyQRCodeGenrated -->
      </class> <!-- testCases.VerifyQRCodes -->
    </test> <!-- Default test -->
  </suite> <!-- Default suite -->
</testng-results>
